<?xml version="1.0" encoding="UTF-8"?>
<testng-results skipped="0" failed="0" ignored="0" total="3" passed="3">
  <reporter-output>
  </reporter-output>
  <suite name="Default suite" duration-ms="72" started-at="2020-11-04T01:01:36 IST" finished-at="2020-11-04T01:01:36 IST">
    <groups>
    </groups>
    <test name="Default test" duration-ms="72" started-at="2020-11-04T01:01:36 IST" finished-at="2020-11-04T01:01:36 IST">
      <class name="Java_Programs.Fibonacci">
        <test-method status="PASS" signature="forloop()[pri:0, instance:Java_Programs.Fibonacci@1d16f93d]" name="forloop" duration-ms="11" started-at="2020-11-04T01:01:36 IST" finished-at="2020-11-04T01:01:36 IST">
          <reporter-output>
          </reporter-output>
        </test-method> <!-- forloop -->
        <test-method status="PASS" signature="givenNumber()[pri:0, instance:Java_Programs.Fibonacci@1d16f93d]" name="givenNumber" duration-ms="3" started-at="2020-11-04T01:01:36 IST" finished-at="2020-11-04T01:01:36 IST">
          <reporter-output>
          </reporter-output>
        </test-method> <!-- givenNumber -->
        <test-method status="PASS" signature="whileloop()[pri:0, instance:Java_Programs.Fibonacci@1d16f93d]" name="whileloop" duration-ms="3" started-at="2020-11-04T01:01:36 IST" finished-at="2020-11-04T01:01:36 IST">
          <reporter-output>
          </reporter-output>
        </test-method> <!-- whileloop -->
      </class> <!-- Java_Programs.Fibonacci -->
    </test> <!-- Default test -->
  </suite> <!-- Default suite -->
</testng-results>
