<?xml version="1.0" encoding="UTF-8"?>
<!-- Generated by org.testng.reporters.JUnitXMLReporter -->
<testsuite hostname="surapaneni" ignored="0" name="Default test" tests="3" failures="0" timestamp="2020-11-04T01:01:36 IST" time="0.072" errors="0">
  <testcase name="forloop" time="0.011" classname="Java_Programs.Fibonacci"/>
  <testcase name="givenNumber" time="0.003" classname="Java_Programs.Fibonacci"/>
  <testcase name="whileloop" time="0.003" classname="Java_Programs.Fibonacci"/>
</testsuite> <!-- Default test -->
